C:\Program Files\Microsoft Visual Studio\2022\Community\MSBuild\Microsoft\VC\v170\Microsoft.CppBuild.targets(496,5): warning MSB8003: The WindowsSDKDir property is not defined. Some build tools may not be found.
  Car.cpp
C:\Program Files\Microsoft Visual Studio\2022\Community\VC\Tools\MSVC\14.31.31103\include\yvals.h(12,10): fatal error C1083: Cannot open include file: 'crtdbg.h': No such file or directory
  Controller.cpp
C:\Program Files\Microsoft Visual Studio\2022\Community\VC\Tools\MSVC\14.31.31103\include\cstdlib(12,10): fatal error C1083: Cannot open include file: 'math.h': No such file or directory
  InvalidIDExcept.cpp
  InvalidInputException.cpp
  InvalidYearExcept.cpp
C:\Program Files\Microsoft Visual Studio\2022\Community\VC\Tools\MSVC\14.31.31103\include\yvals.h(12,10): fatal error C1083: Cannot open include file: 'crtdbg.h': No such file or directory
  main.cpp
C:\Program Files\Microsoft Visual Studio\2022\Community\VC\Tools\MSVC\14.31.31103\include\yvals.h(12,10): fatal error C1083: Cannot open include file: 'crtdbg.h': No such file or directory
  Motorbike.cpp
C:\Program Files\Microsoft Visual Studio\2022\Community\VC\Tools\MSVC\14.31.31103\include\yvals.h(12,10): fatal error C1083: Cannot open include file: 'crtdbg.h': No such file or directory
  Operation.cpp
C:\Program Files\Microsoft Visual Studio\2022\Community\VC\Tools\MSVC\14.31.31103\include\yvals.h(12,10): fatal error C1083: Cannot open include file: 'crtdbg.h': No such file or directory
  Repository.cpp
C:\Program Files\Microsoft Visual Studio\2022\Community\VC\Tools\MSVC\14.31.31103\include\cstdlib(12,10): fatal error C1083: Cannot open include file: 'math.h': No such file or directory
  Tests.cpp
D:\Chestii DIN C-ul vechi\vs\VehicleShop\VehicleShop\Tests.cpp(1,10): fatal error C1083: Cannot open include file: 'assert.h': No such file or directory
  Trailer.cpp
C:\Program Files\Microsoft Visual Studio\2022\Community\VC\Tools\MSVC\14.31.31103\include\yvals.h(12,10): fatal error C1083: Cannot open include file: 'crtdbg.h': No such file or directory
  UI.cpp
C:\Program Files\Microsoft Visual Studio\2022\Community\VC\Tools\MSVC\14.31.31103\include\cstdlib(12,10): fatal error C1083: Cannot open include file: 'math.h': No such file or directory
  Vehicle.cpp
C:\Program Files\Microsoft Visual Studio\2022\Community\VC\Tools\MSVC\14.31.31103\include\yvals.h(12,10): fatal error C1083: Cannot open include file: 'crtdbg.h': No such file or directory
  Generating Code...
